<?xml version="1.0" encoding="UTF-8"?>
<!-- Generated by org.testng.reporters.JUnitXMLReporter -->
<testsuite hostname="DESKTOP-B4CGF5L" ignored="9" name="Test" tests="4" failures="0" timestamp="14 Jul 2018 16:00:36 GMT" time="93.567" errors="0">
  <testcase name="SearchBarCase" time="2.786" classname="com.trivago.de.scripts.SearchBarTest"/>
  <testcase name="ContactFormCase" time="20.003" classname="com.trivago.de.scripts.ContactForm"/>
  <testcase name="SearchBarCase" time="11.865" classname="com.trivago.de.scripts.Subscribe_Newsletter"/>
  <testcase name="SearchBarCase" time="11.119" classname="com.trivago.de.scripts.Destination"/>
  <testcase name="@BeforeTest initGlobalVar" time="0.0" classname="com.trivago.de.base.BaseTest">
    <ignored/>
  </testcase> <!-- @BeforeTest initGlobalVar -->
  <testcase name="@BeforeTest initGlobalVar" time="0.0" classname="com.trivago.de.base.BaseTest">
    <ignored/>
  </testcase> <!-- @BeforeTest initGlobalVar -->
  <testcase name="@BeforeTest initGlobalVar" time="0.0" classname="com.trivago.de.base.BaseTest">
    <ignored/>
  </testcase> <!-- @BeforeTest initGlobalVar -->
  <testcase name="@AfterSuite publishReport" time="0.0" classname="com.trivago.de.base.BaseTest">
    <ignored/>
  </testcase> <!-- @AfterSuite publishReport -->
  <testcase name="@AfterSuite publishReport" time="0.0" classname="com.trivago.de.base.BaseTest">
    <ignored/>
  </testcase> <!-- @AfterSuite publishReport -->
  <testcase name="@AfterSuite publishReport" time="0.0" classname="com.trivago.de.base.BaseTest">
    <ignored/>
  </testcase> <!-- @AfterSuite publishReport -->
  <testcase name="@BeforeSuite initReport" time="0.0" classname="com.trivago.de.base.BaseTest">
    <ignored/>
  </testcase> <!-- @BeforeSuite initReport -->
  <testcase name="@BeforeSuite initReport" time="0.0" classname="com.trivago.de.base.BaseTest">
    <ignored/>
  </testcase> <!-- @BeforeSuite initReport -->
  <testcase name="@BeforeSuite initReport" time="0.0" classname="com.trivago.de.base.BaseTest">
    <ignored/>
  </testcase> <!-- @BeforeSuite initReport -->
</testsuite> <!-- Test -->
