<?xml version="1.0" encoding="UTF-8"?>
<!-- Generated by org.testng.reporters.JUnitXMLReporter -->
<testsuite hostname="DESKTOP-B4CGF5L" ignored="9" name="Test" tests="4" failures="0" timestamp="14 Jul 2018 21:00:48 GMT" time="105.89" errors="0">
  <testcase name="SearchBarCase" time="3.274" classname="com.trivago.de.scripts.SearchBarTest"/>
  <testcase name="ContactFormCase" time="16.489" classname="com.trivago.de.scripts.ContactForm"/>
  <testcase name="SearchBarCase" time="11.854" classname="com.trivago.de.scripts.Subscribe_Newsletter"/>
  <testcase name="SearchBarCase" time="11.114" classname="com.trivago.de.scripts.Destination"/>
  <testcase name="@BeforeTest initGlobalVar" time="0.0" classname="com.trivago.de.base.BaseTest">
    <ignored/>
  </testcase> <!-- @BeforeTest initGlobalVar -->
  <testcase name="@BeforeTest initGlobalVar" time="0.0" classname="com.trivago.de.base.BaseTest">
    <ignored/>
  </testcase> <!-- @BeforeTest initGlobalVar -->
  <testcase name="@BeforeTest initGlobalVar" time="0.0" classname="com.trivago.de.base.BaseTest">
    <ignored/>
  </testcase> <!-- @BeforeTest initGlobalVar -->
  <testcase name="@AfterSuite publishReport" time="0.0" classname="com.trivago.de.base.BaseTest">
    <ignored/>
  </testcase> <!-- @AfterSuite publishReport -->
  <testcase name="@AfterSuite publishReport" time="0.0" classname="com.trivago.de.base.BaseTest">
    <ignored/>
  </testcase> <!-- @AfterSuite publishReport -->
  <testcase name="@AfterSuite publishReport" time="0.0" classname="com.trivago.de.base.BaseTest">
    <ignored/>
  </testcase> <!-- @AfterSuite publishReport -->
  <testcase name="@BeforeSuite initReport" time="0.0" classname="com.trivago.de.base.BaseTest">
    <ignored/>
  </testcase> <!-- @BeforeSuite initReport -->
  <testcase name="@BeforeSuite initReport" time="0.0" classname="com.trivago.de.base.BaseTest">
    <ignored/>
  </testcase> <!-- @BeforeSuite initReport -->
  <testcase name="@BeforeSuite initReport" time="0.0" classname="com.trivago.de.base.BaseTest">
    <ignored/>
  </testcase> <!-- @BeforeSuite initReport -->
</testsuite> <!-- Test -->
